DEBUG:root:origline=''
DEBUG:root:begin=0
DEBUG:root:end=0
DEBUG:root:being_completed=
DEBUG:root:words=[]
DEBUG:root:origline=''
DEBUG:root:begin=0
DEBUG:root:end=0
DEBUG:root:being_completed=
DEBUG:root:words=[]
DEBUG:root:origline=''
DEBUG:root:begin=0
DEBUG:root:end=0
DEBUG:root:being_completed=
DEBUG:root:words=[]
DEBUG:root:origline=''
DEBUG:root:begin=0
DEBUG:root:end=0
DEBUG:root:being_completed=
DEBUG:root:words=[]
DEBUG:root:origline=''
DEBUG:root:begin=0
DEBUG:root:end=0
DEBUG:root:being_completed=
DEBUG:root:words=[]
DEBUG:root:origline=''
DEBUG:root:begin=0
DEBUG:root:end=0
DEBUG:root:being_completed=
DEBUG:root:words=[]
DEBUG:root:origline=''
DEBUG:root:begin=0
DEBUG:root:end=0
DEBUG:root:being_completed=
DEBUG:root:words=[]
DEBUG:root:origline=''
DEBUG:root:begin=0
DEBUG:root:end=0
DEBUG:root:being_completed=
DEBUG:root:words=[]
DEBUG:root:origline='st'
DEBUG:root:begin=0
DEBUG:root:end=2
DEBUG:root:being_completed=st
DEBUG:root:words=['st']
DEBUG:root:candidates=['stop']
DEBUG:root:complete('st', 0) => dict_keys(['ip', 'tcp', 'stop'])
DEBUG:root:origline='st'
DEBUG:root:begin=0
DEBUG:root:end=2
DEBUG:root:being_completed=st
DEBUG:root:words=['st']
DEBUG:root:candidates=['stop']
DEBUG:root:complete('st', 0) => dict_keys(['ip', 'tcp', 'stop'])
DEBUG:root:origline='st'
DEBUG:root:begin=0
DEBUG:root:end=2
DEBUG:root:being_completed=st
DEBUG:root:words=['st']
DEBUG:root:candidates=['stop']
DEBUG:root:complete('st', 0) => dict_keys(['ip', 'tcp', 'stop'])
DEBUG:root:origline='st'
DEBUG:root:begin=0
DEBUG:root:end=2
DEBUG:root:being_completed=st
DEBUG:root:words=['st']
DEBUG:root:candidates=['stop']
DEBUG:root:complete('st', 0) => dict_keys(['ip', 'tcp', 'stop'])
DEBUG:root:origline='st'
DEBUG:root:begin=0
DEBUG:root:end=2
DEBUG:root:being_completed=st
DEBUG:root:words=['st']
DEBUG:root:candidates=['stop']
DEBUG:root:complete('st', 0) => dict_keys(['ip', 'tcp', 'stop'])
DEBUG:root:origline='st'
DEBUG:root:begin=0
DEBUG:root:end=2
DEBUG:root:being_completed=st
DEBUG:root:words=['st']
DEBUG:root:candidates=['stop']
DEBUG:root:complete('st', 0) => dict_keys(['ip', 'tcp', 'stop'])
DEBUG:root:origline='st'
DEBUG:root:begin=0
DEBUG:root:end=2
DEBUG:root:being_completed=st
DEBUG:root:words=['st']
DEBUG:root:candidates=['stop']
DEBUG:root:complete('st', 0) => dict_keys(['ip', 'tcp', 'stop'])
DEBUG:root:origline='st'
DEBUG:root:begin=0
DEBUG:root:end=2
DEBUG:root:being_completed=st
DEBUG:root:words=['st']
DEBUG:root:candidates=['stop']
DEBUG:root:complete('st', 0) => dict_keys(['ip', 'tcp', 'stop'])
DEBUG:root:origline='st'
DEBUG:root:begin=0
DEBUG:root:end=2
DEBUG:root:being_completed=st
DEBUG:root:words=['st']
DEBUG:root:candidates=['stop']
DEBUG:root:complete('st', 0) => dict_keys(['ip', 'tcp', 'stop'])
DEBUG:root:origline='st'
DEBUG:root:begin=0
DEBUG:root:end=2
DEBUG:root:being_completed=st
DEBUG:root:words=['st']
DEBUG:root:candidates=['stop']
DEBUG:root:complete('st', 0) => dict_keys(['ip', 'tcp', 'stop'])
DEBUG:root:origline='st'
DEBUG:root:begin=0
DEBUG:root:end=2
DEBUG:root:being_completed=st
DEBUG:root:words=['st']
DEBUG:root:candidates=['stop']
DEBUG:root:complete('st', 0) => dict_keys(['ip', 'tcp', 'stop'])
DEBUG:root:origline='st'
DEBUG:root:begin=0
DEBUG:root:end=2
DEBUG:root:being_completed=st
DEBUG:root:words=['st']
DEBUG:root:candidates=['stop']
DEBUG:root:complete('st', 0) => dict_keys(['ip', 'tcp', 'stop'])
DEBUG:root:origline='st'
DEBUG:root:begin=0
DEBUG:root:end=2
DEBUG:root:being_completed=st
DEBUG:root:words=['st']
DEBUG:root:candidates=['stop']
DEBUG:root:complete('st', 0) => dict_keys(['ip', 'tcp', 'stop'])
DEBUG:root:origline='st'
DEBUG:root:begin=0
DEBUG:root:end=2
DEBUG:root:being_completed=st
DEBUG:root:words=['st']
DEBUG:root:candidates=['stop']
DEBUG:root:complete('st', 0) => dict_keys(['ip', 'tcp', 'stop'])
DEBUG:root:origline='st'
DEBUG:root:begin=0
DEBUG:root:end=2
DEBUG:root:being_completed=st
DEBUG:root:words=['st']
DEBUG:root:candidates=['stop']
DEBUG:root:complete('st', 0) => dict_keys(['ip', 'tcp', 'stop'])
DEBUG:root:origline='i'
DEBUG:root:begin=0
DEBUG:root:end=1
DEBUG:root:being_completed=i
DEBUG:root:words=['i']
DEBUG:root:candidates=['ip']
DEBUG:root:complete('i', 0) => dict_keys(['ip', 'tcp', 'stop'])
DEBUG:root:origline='i'
DEBUG:root:begin=0
DEBUG:root:end=1
DEBUG:root:being_completed=i
DEBUG:root:words=['i']
DEBUG:root:candidates=['ip']
DEBUG:root:complete('i', 0) => dict_keys(['ip', 'tcp', 'stop'])
DEBUG:root:origline='i'
DEBUG:root:begin=0
DEBUG:root:end=1
DEBUG:root:being_completed=i
DEBUG:root:words=['i']
DEBUG:root:candidates=['ip']
DEBUG:root:complete('i', 0) => dict_keys(['ip', 'tcp', 'stop'])
DEBUG:root:origline='i'
DEBUG:root:begin=0
DEBUG:root:end=1
DEBUG:root:being_completed=i
DEBUG:root:words=['i']
DEBUG:root:candidates=['ip']
DEBUG:root:complete('i', 0) => dict_keys(['ip', 'tcp', 'stop'])
DEBUG:root:origline='i'
DEBUG:root:begin=0
DEBUG:root:end=1
DEBUG:root:being_completed=i
DEBUG:root:words=['i']
DEBUG:root:candidates=['ip']
DEBUG:root:complete('i', 0) => dict_keys(['ip', 'tcp', 'stop'])
DEBUG:root:origline=''
DEBUG:root:begin=0
DEBUG:root:end=0
DEBUG:root:being_completed=
DEBUG:root:words=[]
DEBUG:root:complete('', 0) => ip
DEBUG:root:complete('', 1) => stop
DEBUG:root:complete('', 2) => tcp
DEBUG:root:complete('', 3) => None
DEBUG:root:origline=''
DEBUG:root:begin=0
DEBUG:root:end=0
DEBUG:root:being_completed=
DEBUG:root:words=[]
DEBUG:root:complete('', 0) => ip
DEBUG:root:complete('', 1) => stop
DEBUG:root:complete('', 2) => tcp
DEBUG:root:complete('', 3) => None
DEBUG:root:origline='i'
DEBUG:root:begin=0
DEBUG:root:end=1
DEBUG:root:being_completed=i
DEBUG:root:words=['i']
DEBUG:root:candidates=['ip']
DEBUG:root:complete('i', 0) => ip
DEBUG:root:complete('i', 1) => None
DEBUG:root:origline='ip'
DEBUG:root:begin=0
DEBUG:root:end=2
DEBUG:root:being_completed=ip
DEBUG:root:words=['ip']
DEBUG:root:candidates=['ip']
DEBUG:root:complete('ip', 0) => ip
DEBUG:root:complete('ip', 1) => None
DEBUG:root:origline='ip'
DEBUG:root:begin=0
DEBUG:root:end=2
DEBUG:root:being_completed=ip
DEBUG:root:words=['ip']
DEBUG:root:candidates=['ip']
DEBUG:root:complete('ip', 0) => ip
DEBUG:root:complete('ip', 1) => None
DEBUG:root:origline='ip'
DEBUG:root:begin=0
DEBUG:root:end=2
DEBUG:root:being_completed=ip
DEBUG:root:words=['ip']
DEBUG:root:candidates=['ip']
DEBUG:root:complete('ip', 0) => ip
DEBUG:root:complete('ip', 1) => None
DEBUG:root:origline='ip '
DEBUG:root:begin=3
DEBUG:root:end=3
DEBUG:root:being_completed=
DEBUG:root:words=['ip']
DEBUG:root:candidates=['.addr', '.src']
DEBUG:root:complete('', 0) => .addr
DEBUG:root:complete('', 1) => .src
DEBUG:root:complete('', 2) => None
DEBUG:root:origline='ip .'
DEBUG:root:begin=3
DEBUG:root:end=4
DEBUG:root:being_completed=.
DEBUG:root:words=['ip', '.']
DEBUG:root:candidates=['.addr', '.src']
DEBUG:root:complete('.', 0) => .addr
DEBUG:root:complete('.', 1) => .src
DEBUG:root:complete('.', 2) => None
DEBUG:root:origline='ip .'
DEBUG:root:begin=3
DEBUG:root:end=4
DEBUG:root:being_completed=.
DEBUG:root:words=['ip', '.']
DEBUG:root:candidates=['.addr', '.src']
DEBUG:root:complete('.', 0) => .addr
DEBUG:root:complete('.', 1) => .src
DEBUG:root:complete('.', 2) => None
DEBUG:root:origline='ip .'
DEBUG:root:begin=3
DEBUG:root:end=4
DEBUG:root:being_completed=.
DEBUG:root:words=['ip', '.']
DEBUG:root:candidates=['.addr', '.src']
DEBUG:root:complete('.', 0) => .addr
DEBUG:root:complete('.', 1) => .src
DEBUG:root:complete('.', 2) => None
DEBUG:root:origline='ip'
DEBUG:root:begin=0
DEBUG:root:end=2
DEBUG:root:being_completed=ip
DEBUG:root:words=['ip']
DEBUG:root:candidates=['ip']
DEBUG:root:complete('ip', 0) => ip
DEBUG:root:complete('ip', 1) => None
DEBUG:root:origline='ip'
DEBUG:root:begin=0
DEBUG:root:end=2
DEBUG:root:being_completed=ip
DEBUG:root:words=['ip']
DEBUG:root:candidates=['ip']
DEBUG:root:complete('ip', 0) => ip
DEBUG:root:complete('ip', 1) => None
DEBUG:root:origline='ip'
DEBUG:root:begin=0
DEBUG:root:end=2
DEBUG:root:being_completed=ip
DEBUG:root:words=['ip']
DEBUG:root:candidates=['ip']
DEBUG:root:complete('ip', 0) => ip
DEBUG:root:complete('ip', 1) => None
DEBUG:root:origline='ip.'
DEBUG:root:begin=0
DEBUG:root:end=3
DEBUG:root:being_completed=ip.
DEBUG:root:words=['ip.']
DEBUG:root:candidates=[]
DEBUG:root:complete('ip.', 0) => None
DEBUG:root:origline='ip.'
DEBUG:root:begin=0
DEBUG:root:end=3
DEBUG:root:being_completed=ip.
DEBUG:root:words=['ip.']
DEBUG:root:candidates=[]
DEBUG:root:complete('ip.', 0) => None
DEBUG:root:origline='ip.'
DEBUG:root:begin=0
DEBUG:root:end=3
DEBUG:root:being_completed=ip.
DEBUG:root:words=['ip.']
DEBUG:root:candidates=[]
DEBUG:root:complete('ip.', 0) => None
DEBUG:root:origline='ip.'
DEBUG:root:begin=0
DEBUG:root:end=3
DEBUG:root:being_completed=ip.
DEBUG:root:words=['ip.']
DEBUG:root:candidates=[]
DEBUG:root:complete('ip.', 0) => None
DEBUG:root:origline='ip.'
DEBUG:root:begin=0
DEBUG:root:end=3
DEBUG:root:being_completed=ip.
DEBUG:root:words=['ip.']
DEBUG:root:candidates=[]
DEBUG:root:complete('ip.', 0) => None
DEBUG:root:origline='ip.'
DEBUG:root:begin=0
DEBUG:root:end=3
DEBUG:root:being_completed=ip.
DEBUG:root:words=['ip.']
DEBUG:root:candidates=[]
DEBUG:root:complete('ip.', 0) => None
DEBUG:root:origline='ip.'
DEBUG:root:begin=0
DEBUG:root:end=3
DEBUG:root:being_completed=ip.
DEBUG:root:words=['ip.']
DEBUG:root:candidates=[]
DEBUG:root:complete('ip.', 0) => None
DEBUG:root:origline='ip.'
DEBUG:root:begin=0
DEBUG:root:end=3
DEBUG:root:being_completed=ip.
DEBUG:root:words=['ip.']
DEBUG:root:candidates=[]
DEBUG:root:complete('ip.', 0) => None
DEBUG:root:origline='ip.'
DEBUG:root:begin=0
DEBUG:root:end=3
DEBUG:root:being_completed=ip.
DEBUG:root:words=['ip.']
DEBUG:root:candidates=[]
DEBUG:root:complete('ip.', 0) => None
DEBUG:root:origline='ip.'
DEBUG:root:begin=0
DEBUG:root:end=3
DEBUG:root:being_completed=ip.
DEBUG:root:words=['ip.']
DEBUG:root:candidates=[]
DEBUG:root:complete('ip.', 0) => None
DEBUG:asyncio:Using selector: EpollSelector
DEBUG:asyncio:Using selector: EpollSelector
DEBUG:asyncio:Using selector: EpollSelector
DEBUG:asyncio:Using selector: EpollSelector
DEBUG:root:origline='h'
DEBUG:root:begin=0
DEBUG:root:end=1
DEBUG:root:being_completed=h
DEBUG:root:words=['h']
DEBUG:root:candidates=[]
DEBUG:root:complete('h', 0) => None
DEBUG:root:origline='i'
DEBUG:root:begin=0
DEBUG:root:end=1
DEBUG:root:being_completed=i
DEBUG:root:words=['i']
DEBUG:root:candidates=['ip.addr', 'ip.src', 'ip.dst']
DEBUG:root:complete('i', 0) => ip.addr
DEBUG:root:complete('i', 1) => ip.src
DEBUG:root:complete('i', 2) => ip.dst
DEBUG:root:complete('i', 3) => None
DEBUG:root:origline='ip.'
DEBUG:root:begin=0
DEBUG:root:end=3
DEBUG:root:being_completed=ip.
DEBUG:root:words=['ip.']
DEBUG:root:candidates=['ip.addr', 'ip.src', 'ip.dst']
DEBUG:root:complete('ip.', 0) => ip.addr
DEBUG:root:complete('ip.', 1) => ip.src
DEBUG:root:complete('ip.', 2) => ip.dst
DEBUG:root:complete('ip.', 3) => None
DEBUG:root:origline='ip.'
DEBUG:root:begin=0
DEBUG:root:end=3
DEBUG:root:being_completed=ip.
DEBUG:root:words=['ip.']
DEBUG:root:candidates=['ip.addr', 'ip.src', 'ip.dst']
DEBUG:root:complete('ip.', 0) => ip.addr
DEBUG:root:complete('ip.', 1) => ip.src
DEBUG:root:complete('ip.', 2) => ip.dst
DEBUG:root:complete('ip.', 3) => None
DEBUG:root:origline='ip.'
DEBUG:root:begin=0
DEBUG:root:end=3
DEBUG:root:being_completed=ip.
DEBUG:root:words=['ip.']
DEBUG:root:candidates=['ip.addr', 'ip.src', 'ip.dst']
DEBUG:root:complete('ip.', 0) => ip.addr
DEBUG:root:complete('ip.', 1) => ip.src
DEBUG:root:complete('ip.', 2) => ip.dst
DEBUG:root:complete('ip.', 3) => None
DEBUG:root:origline='ip.'
DEBUG:root:begin=0
DEBUG:root:end=3
DEBUG:root:being_completed=ip.
DEBUG:root:words=['ip.']
DEBUG:root:candidates=['ip.addr', 'ip.src', 'ip.dst']
DEBUG:root:complete('ip.', 0) => ip.addr
DEBUG:root:complete('ip.', 1) => ip.src
DEBUG:root:complete('ip.', 2) => ip.dst
DEBUG:root:complete('ip.', 3) => None
DEBUG:root:origline='ip.addr'
DEBUG:root:begin=0
DEBUG:root:end=7
DEBUG:root:being_completed=ip.addr
DEBUG:root:words=['ip.addr']
DEBUG:root:candidates=['ip.addr']
DEBUG:root:complete('ip.addr', 0) => ip.addr
DEBUG:root:complete('ip.addr', 1) => None
DEBUG:root:origline='ip.addr'
DEBUG:root:begin=0
DEBUG:root:end=7
DEBUG:root:being_completed=ip.addr
DEBUG:root:words=['ip.addr']
DEBUG:root:candidates=['ip.addr']
DEBUG:root:complete('ip.addr', 0) => ip.addr
DEBUG:root:complete('ip.addr', 1) => None
DEBUG:root:origline='ip.addr'
DEBUG:root:begin=0
DEBUG:root:end=7
DEBUG:root:being_completed=ip.addr
DEBUG:root:words=['ip.addr']
DEBUG:root:candidates=['ip.addr']
DEBUG:root:complete('ip.addr', 0) => ip.addr
DEBUG:root:complete('ip.addr', 1) => None
DEBUG:asyncio:Using selector: EpollSelector
DEBUG:root:origline=''
DEBUG:root:begin=0
DEBUG:root:end=0
DEBUG:root:being_completed=
DEBUG:root:words=[]
DEBUG:root:complete('', 0) => ip.addr
DEBUG:root:complete('', 1) => ip.dst
DEBUG:root:complete('', 2) => ip.src
DEBUG:root:complete('', 3) => stop
DEBUG:root:complete('', 4) => tcp.ack
DEBUG:root:complete('', 5) => tcp.port
DEBUG:root:complete('', 6) => None
DEBUG:root:origline=''
DEBUG:root:begin=0
DEBUG:root:end=0
DEBUG:root:being_completed=
DEBUG:root:words=[]
DEBUG:root:complete('', 0) => ip.addr
DEBUG:root:complete('', 1) => ip.dst
DEBUG:root:complete('', 2) => ip.src
DEBUG:root:complete('', 3) => stop
DEBUG:root:complete('', 4) => tcp.ack
DEBUG:root:complete('', 5) => tcp.port
DEBUG:root:complete('', 6) => None
DEBUG:root:origline=''
DEBUG:root:begin=0
DEBUG:root:end=0
DEBUG:root:being_completed=
DEBUG:root:words=[]
DEBUG:root:complete('', 0) => ip.addr
DEBUG:root:complete('', 1) => ip.dst
DEBUG:root:complete('', 2) => ip.src
DEBUG:root:complete('', 3) => stop
DEBUG:root:complete('', 4) => tcp.ack
DEBUG:root:complete('', 5) => tcp.port
DEBUG:root:complete('', 6) => None
DEBUG:root:origline=''
DEBUG:root:begin=0
DEBUG:root:end=0
DEBUG:root:being_completed=
DEBUG:root:words=[]
DEBUG:root:complete('', 0) => ip.addr
DEBUG:root:complete('', 1) => ip.dst
DEBUG:root:complete('', 2) => ip.src
DEBUG:root:complete('', 3) => stop
DEBUG:root:complete('', 4) => tcp.ack
DEBUG:root:complete('', 5) => tcp.port
DEBUG:root:complete('', 6) => None
DEBUG:asyncio:Using selector: EpollSelector
DEBUG:root:origline=''
DEBUG:root:begin=0
DEBUG:root:end=0
DEBUG:root:being_completed=
DEBUG:root:words=[]
DEBUG:root:complete('', 0) => ip.addr
DEBUG:root:complete('', 1) => ip.dst
DEBUG:root:complete('', 2) => ip.src
DEBUG:root:complete('', 3) => stop
DEBUG:root:complete('', 4) => tcp.ack
DEBUG:root:complete('', 5) => tcp.port
DEBUG:root:complete('', 6) => None
DEBUG:root:origline=''
DEBUG:root:begin=0
DEBUG:root:end=0
DEBUG:root:being_completed=
DEBUG:root:words=[]
DEBUG:root:complete('', 0) => ip.addr
DEBUG:root:complete('', 1) => ip.dst
DEBUG:root:complete('', 2) => ip.src
DEBUG:root:complete('', 3) => stop
DEBUG:root:complete('', 4) => tcp.ack
DEBUG:root:complete('', 5) => tcp.port
DEBUG:root:complete('', 6) => None
DEBUG:root:origline=''
DEBUG:root:begin=0
DEBUG:root:end=0
DEBUG:root:being_completed=
DEBUG:root:words=[]
DEBUG:root:complete('', 0) => ip.addr
DEBUG:root:complete('', 1) => ip.dst
DEBUG:root:complete('', 2) => ip.src
DEBUG:root:complete('', 3) => stop
DEBUG:root:complete('', 4) => tcp.ack
DEBUG:root:complete('', 5) => tcp.port
DEBUG:root:complete('', 6) => None
DEBUG:root:origline=''
DEBUG:root:begin=0
DEBUG:root:end=0
DEBUG:root:being_completed=
DEBUG:root:words=[]
DEBUG:root:complete('', 0) => ip.addr
DEBUG:root:complete('', 1) => ip.dst
DEBUG:root:complete('', 2) => ip.src
DEBUG:root:complete('', 3) => stop
DEBUG:root:complete('', 4) => tcp.ack
DEBUG:root:complete('', 5) => tcp.port
DEBUG:root:complete('', 6) => None
DEBUG:asyncio:Using selector: EpollSelector
DEBUG:root:origline=''
DEBUG:root:begin=0
DEBUG:root:end=0
DEBUG:root:being_completed=
DEBUG:root:words=[]
DEBUG:root:complete('', 0) => ip.addr
DEBUG:root:complete('', 1) => ip.dst
DEBUG:root:complete('', 2) => ip.src
DEBUG:root:complete('', 3) => stop
DEBUG:root:complete('', 4) => tcp.ack
DEBUG:root:complete('', 5) => tcp.port
DEBUG:root:complete('', 6) => None
DEBUG:root:origline=''
DEBUG:root:begin=0
DEBUG:root:end=0
DEBUG:root:being_completed=
DEBUG:root:words=[]
DEBUG:root:complete('', 0) => ip.addr
DEBUG:root:complete('', 1) => ip.dst
DEBUG:root:complete('', 2) => ip.src
DEBUG:root:complete('', 3) => stop
DEBUG:root:complete('', 4) => tcp.ack
DEBUG:root:complete('', 5) => tcp.port
DEBUG:root:complete('', 6) => None
DEBUG:root:origline=''
DEBUG:root:begin=0
DEBUG:root:end=0
DEBUG:root:being_completed=
DEBUG:root:words=[]
DEBUG:root:complete('', 0) => ip.addr
DEBUG:root:complete('', 1) => ip.dst
DEBUG:root:complete('', 2) => ip.src
DEBUG:root:complete('', 3) => stop
DEBUG:root:complete('', 4) => tcp.ack
DEBUG:root:complete('', 5) => tcp.port
DEBUG:root:complete('', 6) => None
DEBUG:root:origline=''
DEBUG:root:begin=0
DEBUG:root:end=0
DEBUG:root:being_completed=
DEBUG:root:words=[]
DEBUG:root:complete('', 0) => ip.addr
DEBUG:root:complete('', 1) => ip.dst
DEBUG:root:complete('', 2) => ip.src
DEBUG:root:complete('', 3) => stop
DEBUG:root:complete('', 4) => tcp.ack
DEBUG:root:complete('', 5) => tcp.port
DEBUG:root:complete('', 6) => None
